<?xml version="1.0" encoding="UTF-8"?>
<!-- Generated by org.testng.reporters.JUnitReportReporter -->
<testsuite skipped="0" hostname="ASI-PF0MM1V0" name="MavenProject.MavenProject.TestClass" tests="1" failures="0" timestamp="29 Jun 2018 07:04:30 GMT" time="0.008" errors="0">
  <testcase name="test1" time="0.008" classname="MavenProject.MavenProject.TestClass"/>
</testsuite> <!-- MavenProject.MavenProject.TestClass -->
